#minMemory=32768 maxMemory=536870912 minThreads=1 maxThreads=8 writing to results/e5-1230v4-p64.log band=0 lat=1
#increaseArray=0.925000 timestep=0.250000 cacheSize=32768 cacheLineSize=128
#affinity=0 affinity_wide=0
#numPages=64
ar= 524288.00   70.49   70.49   35.33   70.67   17.97   71.88    9.73   77.86 
ar= 484966.40   70.58   70.58   35.79   71.58   17.95   71.80    9.73   77.83 
ar= 448593.91   70.34   70.34   35.11   70.21   17.93   71.71    9.83   78.64 
ar= 414949.37   70.47   70.47   35.91   71.82   17.94   71.77    9.81   78.50 
ar= 383828.16   70.07   70.07   35.34   70.68   17.94   71.74    9.73   77.85 
ar= 355041.05   70.28   70.28   35.71   71.41   17.95   71.80    9.73   77.81 
ar= 328412.96   70.71   70.71   35.82   71.64   17.92   71.70   10.50   84.03 
ar= 303781.98   70.06   70.06   35.14   70.28   17.94   71.77    9.81   78.51 
ar= 280998.33   70.39   70.39   35.80   71.60   17.94   71.77    9.71   77.68 
ar= 259923.45   70.02   70.02   35.61   71.22   17.94   71.76    9.72   77.73 
ar= 240429.19   70.53   70.53   35.75   71.49   17.95   71.80    9.77   78.16 
ar= 222396.99   70.32   70.32   35.33   70.67   17.92   71.70    9.86   78.87 
ar= 205717.21   70.46   70.46   35.76   71.52   17.93   71.72    9.77   78.19 
ar= 190288.41   70.48   70.48   35.79   71.58   17.93   71.74    9.77   78.16 
ar= 176016.78   70.46   70.46   35.83   71.66   17.93   71.71    9.97   79.76 
ar= 162815.52   70.48   70.48   35.80   71.60   17.92   71.69    9.76   78.10 
ar= 150604.35   70.48   70.48   35.82   71.63   17.95   71.81    9.77   78.16 
ar= 139309.02   70.30   70.30   35.72   71.43   17.94   71.77    9.76   78.09 
ar= 128860.84   70.43   70.43   35.37   70.74   17.93   71.72    9.76   78.05 
ar= 119196.27   70.38   70.38   35.54   71.09   18.00   72.00    9.83   78.65 
ar= 110256.55   70.45   70.45   35.72   71.44   17.96   71.83    9.86   78.88 
ar= 101987.30   70.10   70.10   35.58   71.16   17.99   71.94    9.76   78.10 
ar= 94338.25   70.39   70.39   35.70   71.39   17.95   71.82    9.76   78.06 
ar= 87262.88   70.70   70.70   35.20   70.40   18.12   72.47    9.75   77.99 
ar= 80718.16   70.53   70.53   35.81   71.61   18.06   72.24   10.01   80.09 
ar= 74664.29   70.08   70.08   35.14   70.29   18.18   72.73    9.78   78.22 
ar= 69064.46   70.13   70.13   35.69   71.38   17.94   71.77   10.03   80.21 
ar= 63884.62   70.52   70.52   35.40   70.80   17.95   71.79    9.75   77.97 
ar= 59093.27   70.03   70.03   35.81   71.62   18.05   72.22    9.75   77.97 
ar= 54661.27   70.38   70.38   35.57   71.15   18.16   72.62    9.89   79.10 
ar= 50561.67   69.85   69.85   35.71   71.42   17.99   71.96    9.81   78.52 
ar= 46769.54   70.51   70.51   35.51   71.03   18.05   72.20    9.89   79.12 
ar= 43261.82   69.57   69.57   35.65   71.30   17.98   71.93    9.74   77.92 
ar= 40017.18   69.44   69.44   35.44   70.88   18.00   71.99    9.70   77.64 
ar= 37015.89   68.69   68.69   35.70   71.40   18.02   72.06    9.69   77.53 
ar= 34239.70   67.63   67.63   35.38   70.75   17.91   71.63    9.65   77.21 
ar= 31671.71   67.77   67.77   35.45   70.89   17.84   71.37    9.54   76.29 
ar= 29296.33   69.69   69.69   34.59   69.17   17.64   70.54    9.44   75.50 
ar= 27099.10   68.65   68.65   34.69   69.38   17.65   70.59    9.44   75.50 
ar= 25066.66   67.11   67.11   34.11   68.22   17.18   68.71    9.27   74.17 
ar= 23186.66   66.86   66.86   33.78   67.57   16.37   65.48    9.11   72.91 
ar= 21447.66   63.10   63.10   32.15   64.30   16.87   67.48    7.50   60.00 
ar= 19839.09   62.87   62.87   31.49   62.98   16.14   64.54    6.58   52.68 
ar= 18351.15   60.10   60.10   30.49   60.99   14.37   57.48    6.37   50.98 
ar= 16974.80   56.90   56.90   28.54   57.07   12.37   49.48    5.81   46.51 
ar= 15701.69   54.47   54.47   26.55   53.10   10.50   42.02    5.55   44.43 
ar= 14524.05   48.36   48.36   23.44   46.87   10.03   40.12    5.12   40.98 
ar= 13434.75   47.55   47.55   20.74   41.48    9.18   36.72    4.76   38.11 
ar= 12427.14   42.18   42.18   19.54   39.08    8.59   34.38    4.45   35.63 
ar= 11495.10   37.99   37.99   17.78   35.56    8.01   32.06    4.23   33.82 
ar= 10632.97   34.67   34.67   15.33   30.66    7.30   29.20    3.99   31.92 
ar=  9835.49   32.07   32.07   13.09   26.19    6.88   27.50    3.72   29.75 
ar=  9097.83   30.17   30.17   12.14   24.29    6.63   26.53    3.61   28.85 
ar=  8415.48   26.91   26.91   11.43   22.85    6.30   25.20    3.24   25.95 
ar=  7784.32   22.17   22.17   11.02   22.04    5.71   22.86    3.06   24.52 
ar=  7200.49   19.77   19.77    9.85   19.69    5.18   20.71    2.92   23.37 
ar=  6660.45   17.51   17.51    9.19   18.38    4.92   19.70    2.82   22.60 
ar=  6160.91   17.99   17.99    8.50   17.00    4.65   18.62    2.55   20.42 
ar=  5698.84   15.24   15.24    7.73   15.45    4.42   17.69    2.38   19.07 
ar=  5271.43   14.58   14.58    7.30   14.60    4.18   16.71    2.25   18.01 
ar=  4876.07   14.06   14.06    7.30   14.60    4.04   16.17    2.09   16.68 
ar=  4510.36   13.45   13.45    7.05   14.10    3.40   13.59    2.07   16.52 
ar=  4172.08   13.47   13.47    6.58   13.16    3.38   13.52    1.94   15.52 
ar=  3859.17   13.06   13.06    6.73   13.46    3.38   13.52    1.79   14.28 
ar=  3569.73   13.22   13.22    6.61   13.21    3.42   13.67    1.77   14.15 
ar=  3301.99   13.30   13.30    6.70   13.39    3.41   13.63    1.76   14.06 
ar=  3054.34   13.00   13.00    6.55   13.09    3.32   13.29    1.78   14.28 
ar=  2825.26   13.34   13.34    6.67   13.34    3.30   13.19    1.74   13.94 
ar=  2613.36   13.01   13.01    6.63   13.26    3.28   13.11    1.75   13.98 
ar=  2417.35   13.29   13.29    6.65   13.30    3.25   12.99    1.70   13.58 
ar=  2236.05   12.99   12.99    6.63   13.27    3.17   12.68    1.69   13.56 
ar=  2068.34   12.95   12.95    6.60   13.21    3.12   12.49    1.66   13.24 
ar=  1913.20   12.93   12.93    6.58   13.16    3.01   12.02    1.63   13.05 
ar=  1769.71   13.21   13.21    6.43   12.86    3.06   12.25    1.56   12.46 
ar=  1636.98   13.06   13.06    6.53   13.06    2.85   11.40    1.51   12.06 
ar=  1514.20   13.17   13.17    6.39   12.77    2.79   11.16    1.43   11.47 
ar=  1400.63   12.96   12.96    6.51   13.01    2.69   10.77    1.44   11.52 
ar=  1295.58   12.87   12.87    6.31   12.62    2.59   10.36    1.36   10.85 
ar=  1198.41   12.97   12.97    6.34   12.67    2.43    9.71    1.23    9.83 
ar=  1108.52   12.83   12.83    6.08   12.17    2.71   10.82    1.28   10.25 
ar=  1025.38   12.79   12.79    6.08   12.16    2.18    8.70    1.19    9.48 
ar=   948.48   12.98   12.98    5.75   11.51    2.36    9.43    1.17    9.37 
ar=   877.34   12.69   12.69    5.83   11.67    2.25    9.01    1.17    9.36 
ar=   811.53   12.95   12.95    5.45   10.91    2.10    8.42    1.11    8.84 
ar=   750.66   12.55   12.55    5.42   10.84    1.90    7.62    1.04    8.31 
ar=   694.36   12.79   12.79    5.17   10.34    1.78    7.11    0.96    7.67 
ar=   642.28   12.72   12.72    4.97    9.93    1.71    6.85    0.90    7.19 
ar=   594.11   12.31   12.31    4.68    9.37    1.61    6.43    0.91    7.28 
ar=   549.55   11.91   11.91    4.28    8.56    1.61    6.45    0.85    6.82 
ar=   508.33   11.86   11.86    3.78    7.57    1.57    6.26    0.90    7.21 
ar=   470.20   11.51   11.51    3.55    7.10    1.53    6.11    0.83    6.66 
ar=   434.94   11.19   11.19    3.28    6.56    1.53    6.11    0.80    6.37 
ar=   402.31   11.16   11.16    3.35    6.70    1.45    5.81    0.72    5.74 
ar=   372.13   10.89   10.89    3.41    6.82    1.47    5.86    0.81    6.50 
ar=   344.22   10.20   10.20    3.30    6.60    1.46    5.86    0.69    5.53 
ar=   318.40    9.54    9.54    3.29    6.57    1.27    5.09    0.78    6.21 
ar=   294.52    9.17    9.17    3.14    6.28    1.27    5.09    0.69    5.48 
ar=   272.42    8.22    8.22    3.08    6.16    1.37    5.46    0.68    5.48 
ar=   251.98    7.50    7.50    2.93    5.86    1.27    5.09    0.69    5.52 
ar=   233.08    6.84    6.84    2.96    5.92    1.29    5.15    0.68    5.47 
ar=   215.59    6.44    6.44    3.00    6.00    1.28    5.12    0.69    5.49 
ar=   199.42    6.43    6.43    2.83    5.67    1.28    5.10    0.69    5.49 
ar=   184.46    6.47    6.47    2.85    5.70    1.28    5.14    0.68    5.46 
ar=   170.62    6.30    6.30    2.45    4.90    1.27    5.10    0.69    5.49 
ar=   157.83    6.01    6.01    2.44    4.89    1.26    5.05    0.68    5.46 
ar=   145.98    5.88    5.88    2.44    4.88    1.27    5.08    0.61    4.86 
ar=   135.03    5.46    5.46    2.44    4.88    1.05    4.19    0.54    4.31 
ar=   124.90    4.81    4.81    2.45    4.89    0.95    3.78    0.44    3.52 
ar=   115.52    4.82    4.82    2.45    4.90    0.96    3.83    0.44    3.55 
ar=   106.85    4.81    4.81    2.46    4.92    0.89    3.57    0.45    3.57 
ar=    98.84    4.82    4.82    2.45    4.90    0.92    3.66    0.46    3.64 
ar=    91.42    4.82    4.82    2.45    4.90    0.81    3.24    0.43    3.47 
ar=    84.56    4.83    4.83    2.45    4.90    0.87    3.48    0.45    3.60 
ar=    78.22    4.82    4.82    2.43    4.87    0.84    3.37    0.45    3.59 
ar=    72.35    4.83    4.83    2.44    4.87    0.81    3.24    0.41    3.28 
ar=    66.92    4.84    4.84    1.93    3.86    0.82    3.28    0.43    3.45 
ar=    61.90    4.82    4.82    1.58    3.16    0.81    3.23    0.41    3.27 
ar=    57.25    4.82    4.82    1.64    3.27    0.83    3.30    0.41    3.30 
ar=    52.95    4.81    4.81    1.57    3.14    0.82    3.29    0.42    3.36 
ar=    48.98    4.84    4.84    1.56    3.12    0.81    3.23    0.41    3.30 
ar=    45.30    4.82    4.82    1.56    3.13    0.80    3.21    0.40    3.22 
ar=    41.90    4.88    4.88    1.57    3.13    0.80    3.22    0.43    3.47 
ar=    38.75    4.87    4.87    1.56    3.12    0.82    3.30    0.48    3.84 
ar=    35.84    4.75    4.75    1.57    3.15    0.71    2.83    0.40    3.21 
ar=    33.15    3.68    3.68    1.55    3.10    0.71    2.85    0.47    3.76 
