#minMemory=32768 maxMemory=536870912 minThreads=1 maxThreads=8 writing to results/e5-1230v4-p16.log band=0 lat=1
#increaseArray=0.925000 timestep=0.250000 cacheSize=32768 cacheLineSize=128
#affinity=0 affinity_wide=0
#numPages=16
ar= 524288.00   63.44   63.44   32.33   64.67   16.41   65.65    9.16   73.27 
ar= 484966.40   63.77   63.77   32.43   64.87   16.34   65.36    9.16   73.24 
ar= 448593.91   63.33   63.33   32.45   64.89   16.30   65.20    9.16   73.28 
ar= 414949.37   64.05   64.05   32.49   64.99   16.33   65.33    9.21   73.66 
ar= 383828.16   63.34   63.34   32.45   64.90   16.42   65.67    9.16   73.31 
ar= 355041.05   64.16   64.16   32.34   64.68   16.46   65.84    9.16   73.28 
ar= 328412.96   63.53   63.53   32.28   64.57   17.18   68.73    9.18   73.42 
ar= 303781.98   63.86   63.86   32.41   64.83   17.76   71.04    9.17   73.35 
ar= 280998.33   63.51   63.51   32.34   64.68   16.83   67.31    9.16   73.26 
ar= 259923.45   63.80   63.80   32.40   64.79   16.30   65.18    9.17   73.37 
ar= 240429.19   63.41   63.41   32.40   64.79   16.23   64.94    9.31   74.52 
ar= 222396.99   63.55   63.55   32.44   64.88   16.22   64.86    9.21   73.70 
ar= 205717.21   63.91   63.91   32.52   65.04   16.24   64.94    9.23   73.83 
ar= 190288.41   64.19   64.19   31.82   63.63   16.25   65.00    9.37   75.00 
ar= 176016.78   63.72   63.72   32.38   64.76   16.22   64.90    9.25   73.98 
ar= 162815.52   63.76   63.76   32.30   64.60   16.25   64.99    9.22   73.76 
ar= 150604.35   63.45   63.45   32.37   64.75   16.27   65.09    9.23   73.82 
ar= 139309.02   64.44   64.44   32.51   65.02   16.24   64.98    9.23   73.84 
ar= 128860.84   63.39   63.39   32.38   64.76   16.24   64.97    9.61   76.90 
ar= 119196.27   63.70   63.70   32.39   64.78   16.35   65.41    9.24   73.91 
ar= 110256.55   63.56   63.56   32.09   64.18   16.34   65.37    9.25   73.96 
ar= 101987.30   64.06   64.06   32.36   64.73   16.25   64.98    9.25   73.97 
ar= 94338.25   63.34   63.34   32.12   64.24   16.30   65.20    9.22   73.74 
ar= 87262.88   63.31   63.31   32.37   64.74   16.30   65.19    9.22   73.77 
ar= 80718.16   64.00   64.00   31.84   63.68   16.43   65.73    9.25   73.97 
ar= 74664.29   62.91   62.91   32.06   64.12   16.19   64.77    9.46   75.66 
ar= 69064.46   63.65   63.65   31.67   63.34   16.17   64.67    9.25   74.01 
ar= 63884.62   63.32   63.32   31.70   63.40   16.25   64.98    9.21   73.65 
ar= 59093.27   62.72   62.72   32.20   64.40   16.13   64.53    9.22   73.73 
ar= 54661.27   62.03   62.03   31.44   62.88   15.90   63.62    9.20   73.63 
ar= 50561.67   61.49   61.49   31.58   63.15   16.07   64.29    9.27   74.15 
ar= 46769.54   61.30   61.30   31.25   62.50   15.79   63.14    9.14   73.09 
ar= 43261.82   61.09   61.09   31.13   62.26   16.13   64.54    9.12   72.99 
ar= 40017.18   60.24   60.24   30.61   61.22   15.75   63.01    9.05   72.43 
ar= 37015.89   59.70   59.70   30.21   60.41   15.69   62.74    9.09   72.75 
ar= 34239.70   59.96   59.96   30.30   60.60   15.52   62.07    8.92   71.38 
ar= 31671.71   57.76   57.76   29.40   58.81   15.11   60.45    9.07   72.58 
ar= 29296.33   56.37   56.37   29.08   58.17   15.29   61.17    8.74   69.88 
ar= 27099.10   56.30   56.30   28.86   57.72   14.85   59.41    8.51   68.11 
ar= 25066.66   55.60   55.60   28.42   56.84   14.45   57.80    8.14   65.12 
ar= 23186.66   55.17   55.17   27.58   55.16   13.96   55.84    7.20   57.63 
ar= 21447.66   53.06   53.06   27.18   54.37   13.53   54.12    6.53   52.25 
ar= 19839.09   50.52   50.52   25.58   51.16   12.85   51.41    6.04   48.35 
ar= 18351.15   50.96   50.96   24.67   49.34   11.30   45.20    5.58   44.66 
ar= 16974.80   51.63   51.63   23.54   47.08   10.27   41.06    5.33   42.64 
ar= 15701.69   47.76   47.76   21.68   43.35    9.44   37.76    4.87   38.97 
ar= 14524.05   43.66   43.66   18.60   37.21    8.52   34.07    4.50   36.03 
ar= 13434.75   41.36   41.36   16.47   32.94    7.90   31.59    4.14   33.09 
ar= 12427.14   39.45   39.45   15.78   31.56    7.52   30.10    3.98   31.85 
ar= 11495.10   34.17   34.17   13.80   27.60    7.11   28.45    3.57   28.55 
ar= 10632.97   31.23   31.23   13.10   26.19    6.64   26.55    3.54   28.32 
ar=  9835.49   30.38   30.38   12.24   24.49    6.20   24.78    3.39   27.10 
ar=  9097.83   25.41   25.41   11.77   23.54    5.81   23.23    3.21   25.66 
ar=  8415.48   23.07   23.07   10.40   20.79    5.48   21.92    2.98   23.85 
ar=  7784.32   20.12   20.12    9.81   19.62    5.30   21.20    2.75   22.03 
ar=  7200.49   17.45   17.45    9.44   18.88    5.04   20.18    2.71   21.65 
ar=  6660.45   16.37   16.37    8.62   17.24    4.60   18.40    2.47   19.77 
ar=  6160.91   14.62   14.62    8.08   16.16    4.17   16.66    2.28   18.25 
ar=  5698.84   14.02   14.02    7.37   14.75    3.86   15.42    2.19   17.56 
ar=  5271.43   13.47   13.47    6.57   13.15    3.42   13.68    2.06   16.50 
ar=  4876.07   12.79   12.79    6.41   12.82    3.40   13.60    1.88   15.05 
ar=  4510.36   12.26   12.26    6.24   12.48    3.19   12.76    1.87   14.95 
ar=  4172.08   12.24   12.24    6.11   12.21    3.12   12.48    1.80   14.39 
ar=  3859.17   12.15   12.15    6.01   12.02    3.12   12.49    1.80   14.39 
ar=  3569.73   12.09   12.09    5.94   11.88    3.14   12.54    1.74   13.94 
ar=  3301.99   12.15   12.15    5.99   11.97    3.04   12.17    1.72   13.73 
ar=  3054.34   12.02   12.02    5.94   11.88    3.02   12.06    1.68   13.44 
ar=  2825.26   12.10   12.10    6.03   12.06    3.09   12.37    1.67   13.35 
ar=  2613.36   11.99   11.99    5.90   11.81    3.12   12.46    1.66   13.27 
ar=  2417.35   11.98   11.98    5.97   11.94    2.95   11.80    1.64   13.12 
ar=  2236.05   12.01   12.01    5.98   11.95    2.93   11.74    1.61   12.88 
ar=  2068.34   11.98   11.98    5.97   11.93    2.92   11.68    1.59   12.74 
ar=  1913.20   11.94   11.94    5.95   11.89    2.82   11.27    1.55   12.42 
ar=  1769.71   11.94   11.94    5.98   11.96    2.75   11.00    1.56   12.48 
ar=  1636.98   11.93   11.93    5.91   11.83    2.74   10.96    1.48   11.82 
ar=  1514.20   11.93   11.93    5.91   11.81    2.74   10.96    1.43   11.42 
ar=  1400.63   11.89   11.89    5.91   11.82    2.48    9.93    1.37   10.95 
ar=  1295.58   11.88   11.88    5.88   11.77    2.38    9.54    1.32   10.54 
ar=  1198.41   11.91   11.91    5.74   11.48    2.28    9.11    1.25    9.99 
ar=  1108.52   11.60   11.60    5.75   11.51    2.29    9.14    1.19    9.55 
ar=  1025.38   11.85   11.85    5.63   11.26    1.98    7.90    1.16    9.30 
ar=   948.48   11.79   11.79    5.47   10.95    2.10    8.40    1.11    8.87 
ar=   877.34   11.77   11.77    5.46   10.91    1.97    7.87    1.06    8.45 
ar=   811.53   11.74   11.74    5.12   10.25    2.11    8.43    0.98    7.81 
ar=   750.66   11.80   11.80    5.01   10.02    2.13    8.50    0.90    7.22 
ar=   694.36   11.70   11.70    4.81    9.62    2.16    8.64    0.86    6.91 
ar=   642.28   11.57   11.57    4.66    9.32    2.10    8.39    0.82    6.54 
ar=   594.11   11.45   11.45    4.38    8.75    1.87    7.48    0.77    6.18 
ar=   549.55   11.35   11.35    4.27    8.54    1.76    7.03    0.85    6.80 
ar=   508.33   10.98   10.98    3.90    7.79    1.74    6.97    0.85    6.83 
ar=   470.20   10.83   10.83    3.74    7.48    1.69    6.75    0.76    6.06 
ar=   434.94   10.79   10.79    3.52    7.04    1.77    7.09    0.80    6.40 
ar=   402.31   10.25   10.25    3.14    6.29    1.57    6.28    0.81    6.47 
ar=   372.13    9.83    9.83    3.15    6.29    1.49    5.96    0.81    6.49 
ar=   344.22    9.67    9.67    2.92    5.84    1.34    5.37    0.88    7.00 
ar=   318.40    9.17    9.17    3.02    6.04    1.27    5.09    0.69    5.53 
ar=   294.52    8.82    8.82    3.01    6.03    1.34    5.35    0.69    5.50 
ar=   272.42    8.43    8.43    2.99    5.99    1.27    5.09    0.85    6.84 
ar=   251.98    7.77    7.77    3.03    6.05    1.27    5.09    0.78    6.23 
ar=   233.08    7.24    7.24    2.96    5.92    1.30    5.21    0.73    5.85 
ar=   215.59    6.81    6.81    3.00    6.00    1.27    5.10    0.69    5.48 
ar=   199.42    6.04    6.04    3.10    6.20    1.29    5.15    0.69    5.49 
ar=   184.46    6.14    6.14    2.89    5.78    1.32    5.27    0.69    5.48 
ar=   170.62    5.82    5.82    2.60    5.19    1.28    5.11    0.69    5.49 
ar=   157.83    5.85    5.85    2.47    4.95    1.28    5.13    0.68    5.44 
ar=   145.98    5.76    5.76    2.45    4.89    1.26    5.04    0.59    4.70 
ar=   135.03    5.43    5.43    2.49    4.98    1.12    4.47    0.54    4.34 
ar=   124.90    5.49    5.49    2.45    4.89    0.91    3.63    0.44    3.52 
ar=   115.52    5.49    5.49    2.47    4.94    0.94    3.76    0.44    3.52 
ar=   106.85    4.84    4.84    2.47    4.94    0.86    3.43    0.44    3.55 
ar=    98.84    4.83    4.83    2.45    4.91    0.91    3.64    0.43    3.47 
ar=    91.42    4.83    4.83    2.47    4.95    0.86    3.43    0.41    3.31 
ar=    84.56    4.83    4.83    2.45    4.91    0.90    3.59    0.45    3.58 
ar=    78.22    4.90    4.90    2.46    4.91    0.84    3.36    0.45    3.63 
ar=    72.35    4.84    4.84    2.45    4.91    0.81    3.23    0.42    3.38 
ar=    66.92    4.84    4.84    1.94    3.88    0.81    3.23    0.41    3.29 
ar=    61.90    4.83    4.83    1.62    3.24    0.82    3.27    0.41    3.29 
ar=    57.25    4.84    4.84    1.60    3.20    0.82    3.27    0.41    3.26 
ar=    52.95    4.82    4.82    1.60    3.20    0.81    3.25    0.41    3.32 
ar=    48.98    4.85    4.85    1.65    3.30    0.81    3.25    0.41    3.26 
ar=    45.30    4.84    4.84    1.58    3.16    0.79    3.16    0.40    3.22 
ar=    41.90    4.78    4.78    1.63    3.25    0.81    3.22    0.42    3.33 
ar=    38.75    4.84    4.84    1.56    3.12    0.82    3.30    0.47    3.72 
ar=    35.84    4.70    4.70    1.56    3.13    0.70    2.78    0.40    3.22 
ar=    33.15    3.71    3.71    1.59    3.17    0.68    2.72    0.48    3.87 
