#minMemory=32768 maxMemory=536870912 minThreads=1 maxThreads=8 writing to results/e5-1230v4-p4.log band=0 lat=1
#increaseArray=0.925000 timestep=0.250000 cacheSize=32768 cacheLineSize=128
#affinity=0 affinity_wide=0
#numPages=4
ar= 524288.00   48.30   48.30   24.47   48.95   12.44   49.75    7.68   61.45 
ar= 484966.40   48.68   48.68   24.85   49.70   12.47   49.88    7.66   61.30 
ar= 448593.91   48.48   48.48   24.47   48.94   12.48   49.94    7.71   61.67 
ar= 414949.37   48.74   48.74   24.43   48.86   12.47   49.87    7.82   62.58 
ar= 383828.16   48.56   48.56   24.41   48.83   12.49   49.94    7.70   61.63 
ar= 355041.05   48.73   48.73   24.35   48.70   12.46   49.86    7.69   61.52 
ar= 328412.96   48.59   48.59   24.77   49.53   12.47   49.87    7.70   61.56 
ar= 303781.98   48.22   48.22   24.60   49.20   12.49   49.95    7.69   61.51 
ar= 280998.33   48.24   48.24   24.46   48.92   12.53   50.12    7.80   62.42 
ar= 259923.45   48.60   48.60   24.62   49.24   12.50   49.99    7.70   61.57 
ar= 240429.19   48.32   48.32   24.61   49.22   12.49   49.95    7.79   62.30 
ar= 222396.99   48.34   48.34   24.70   49.40   12.52   50.07    7.79   62.33 
ar= 205717.21   48.25   48.25   24.75   49.49   12.48   49.94    7.83   62.63 
ar= 190288.41   48.54   48.54   24.70   49.41   12.48   49.94    7.79   62.35 
ar= 176016.78   48.41   48.41   24.59   49.18   12.51   50.03    7.81   62.51 
ar= 162815.52   48.08   48.08   24.68   49.36   12.47   49.89    7.80   62.39 
ar= 150604.35   48.25   48.25   24.59   49.18   12.45   49.80    7.79   62.33 
ar= 139309.02   47.91   47.91   24.57   49.14   12.45   49.79    7.79   62.34 
ar= 128860.84   48.12   48.12   24.42   48.85   12.48   49.90    7.80   62.37 
ar= 119196.27   47.77   47.77   24.41   48.82   12.48   49.92    7.79   62.36 
ar= 110256.55   48.46   48.46   24.54   49.07   12.43   49.71    7.96   63.70 
ar= 101987.30   47.31   47.31   24.18   48.36   12.75   51.01    7.81   62.48 
ar= 94338.25   47.81   47.81   23.76   47.52   12.46   49.84    7.76   62.12 
ar= 87262.88   47.34   47.34   24.17   48.34   12.31   49.26    7.76   62.11 
ar= 80718.16   47.70   47.70   23.86   47.71   12.26   49.02    7.84   62.74 
ar= 74664.29   46.84   46.84   23.94   47.88   12.61   50.44    7.73   61.86 
ar= 69064.46   46.98   46.98   23.62   47.25   12.39   49.56    7.73   61.84 
ar= 63884.62   46.14   46.14   23.81   47.63   12.55   50.19    7.83   62.62 
ar= 59093.27   45.87   45.87   22.99   45.98   12.48   49.91    7.73   61.82 
ar= 54661.27   46.49   46.49   23.51   47.01   12.06   48.23    7.69   61.54 
ar= 50561.67   44.96   44.96   22.72   45.45   12.28   49.13    7.62   60.95 
ar= 46769.54   45.90   45.90   23.36   46.72   12.01   48.03    7.58   60.64 
ar= 43261.82   44.44   44.44   22.51   45.02   11.57   46.29    7.59   60.70 
ar= 40017.18   43.97   43.97   22.23   44.45   11.85   47.40    7.40   59.17 
ar= 37015.89   45.18   45.18   22.02   44.04   11.48   45.92    7.33   58.68 
ar= 34239.70   43.63   43.63   21.87   43.74   11.25   45.01    7.18   57.40 
ar= 31671.71   43.03   43.03   21.12   42.25   11.30   45.20    7.05   56.37 
ar= 29296.33   42.08   42.08   21.15   42.30   11.85   47.38    6.85   54.79 
ar= 27099.10   40.48   40.48   20.44   40.89   10.86   43.43    6.33   50.60 
ar= 25066.66   43.09   43.09   20.24   40.49   10.66   42.63    5.86   46.88 
ar= 23186.66   42.98   42.98   19.58   39.16   10.27   41.08    5.54   44.31 
ar= 21447.66   38.47   38.47   18.67   37.34    9.33   37.33    4.92   39.32 
ar= 19839.09   36.71   36.71   17.91   35.81    8.59   34.36    4.65   37.23 
ar= 18351.15   36.20   36.20   16.77   33.54    7.76   31.04    4.31   34.48 
ar= 16974.80   35.56   35.56   15.16   30.31    7.14   28.56    3.92   31.38 
ar= 15701.69   32.87   32.87   13.42   26.84    6.73   26.94    3.56   28.47 
ar= 14524.05   30.43   30.43   13.03   26.05    6.51   26.03    3.58   28.66 
ar= 13434.75   30.55   30.55   11.60   23.21    5.77   23.07    3.27   26.16 
ar= 12427.14   25.76   25.76   11.22   22.45    5.59   22.34    3.17   25.36 
ar= 11495.10   22.39   22.39   10.68   21.36    5.40   21.61    3.03   24.26 
ar= 10632.97   20.74   20.74    9.43   18.86    5.03   20.13    2.71   21.70 
ar=  9835.49   18.15   18.15    8.85   17.70    4.52   18.09    2.52   20.16 
ar=  9097.83   16.57   16.57    8.26   16.52    4.40   17.60    2.55   20.39 
ar=  8415.48   14.68   14.68    7.89   15.79    4.35   17.41    2.44   19.50 
ar=  7784.32   14.01   14.01    7.54   15.08    4.05   16.19    2.31   18.44 
ar=  7200.49   13.09   13.09    7.04   14.09    3.96   15.85    2.19   17.48 
ar=  6660.45   11.96   11.96    6.55   13.10    3.83   15.33    2.04   16.35 
ar=  6160.91   11.20   11.20    6.07   12.15    3.40   13.60    1.80   14.43 
ar=  5698.84   11.09   11.09    5.88   11.77    2.85   11.41    1.61   12.87 
ar=  5271.43   10.19   10.19    5.39   10.79    2.70   10.80    1.64   13.08 
ar=  4876.07    9.95    9.95    5.25   10.50    2.76   11.02    1.46   11.69 
ar=  4510.36    9.90    9.90    5.09   10.17    2.67   10.67    1.46   11.70 
ar=  4172.08    9.93    9.93    4.93    9.87    2.55   10.19    1.46   11.64 
ar=  3859.17    9.86    9.86    4.98    9.97    2.52   10.08    1.46   11.65 
ar=  3569.73    9.81    9.81    4.89    9.78    2.54   10.14    1.45   11.63 
ar=  3301.99    9.84    9.84    4.99    9.97    2.61   10.42    1.48   11.83 
ar=  3054.34    9.66    9.66    4.88    9.77    2.54   10.16    1.44   11.51 
ar=  2825.26    9.79    9.79    4.97    9.94    2.52   10.08    1.44   11.55 
ar=  2613.36    9.64    9.64    4.91    9.82    2.56   10.23    1.46   11.65 
ar=  2417.35    9.81    9.81    4.97    9.95    2.53   10.13    1.43   11.42 
ar=  2236.05    9.65    9.65    4.89    9.78    2.49    9.98    1.41   11.29 
ar=  2068.34    9.82    9.82    4.98    9.95    2.49    9.97    1.40   11.21 
ar=  1913.20    9.77    9.77    4.89    9.79    2.41    9.63    1.37   10.97 
ar=  1769.71    9.81    9.81    4.98    9.96    2.45    9.82    1.36   10.91 
ar=  1636.98    9.67    9.67    4.93    9.85    2.34    9.35    1.30   10.42 
ar=  1514.20    9.79    9.79    4.88    9.77    2.29    9.16    1.25   10.04 
ar=  1400.63    9.73    9.73    4.92    9.84    2.30    9.21    1.24    9.93 
ar=  1295.58    9.81    9.81    4.83    9.66    2.34    9.35    1.21    9.67 
ar=  1198.41    9.61    9.61    4.86    9.73    2.18    8.70    1.17    9.36 
ar=  1108.52    9.78    9.78    4.78    9.57    2.10    8.39    1.10    8.83 
ar=  1025.38    9.56    9.56    4.73    9.46    2.02    8.08    1.07    8.60 
ar=   948.48    9.76    9.76    4.69    9.37    2.23    8.93    1.01    8.08 
ar=   877.34    9.73    9.73    4.57    9.14    1.90    7.58    1.01    8.12 
ar=   811.53    9.56    9.56    4.56    9.12    1.97    7.88    1.05    8.44 
ar=   750.66    9.67    9.67    4.48    8.96    1.81    7.24    1.01    8.08 
ar=   694.36    9.49    9.49    4.37    8.75    1.73    6.91    1.01    8.08 
ar=   642.28    9.63    9.63    4.24    8.48    1.64    6.58    1.00    8.01 
ar=   594.11    9.48    9.48    3.92    7.85    1.67    6.70    1.03    8.23 
ar=   549.55    9.57    9.57    3.68    7.35    1.67    6.67    0.99    7.88 
ar=   508.33    9.37    9.37    3.61    7.22    1.68    6.71    0.87    6.98 
ar=   470.20    9.29    9.29    3.66    7.31    1.75    6.99    0.89    7.11 
ar=   434.94    8.93    8.93    3.55    7.09    1.69    6.74    0.90    7.16 
ar=   402.31    8.73    8.73    3.47    6.95    1.81    7.25    0.75    5.98 
ar=   372.13    8.93    8.93    3.35    6.71    1.83    7.34    0.73    5.83 
ar=   344.22    8.46    8.46    3.30    6.59    1.84    7.35    0.78    6.23 
ar=   318.40    8.26    8.26    3.21    6.42    1.89    7.58    0.70    5.57 
ar=   294.52    7.58    7.58    3.23    6.46    1.93    7.71    0.70    5.57 
ar=   272.42    7.31    7.31    3.27    6.55    1.74    6.97    0.78    6.26 
ar=   251.98    7.02    7.02    3.28    6.56    1.56    6.25    0.68    5.47 
ar=   233.08    7.15    7.15    3.40    6.80    1.60    6.40    0.70    5.62 
ar=   215.59    6.95    6.95    3.32    6.65    1.66    6.63    0.69    5.50 
ar=   199.42    6.71    6.71    3.43    6.86    1.48    5.93    0.69    5.49 
ar=   184.46    6.52    6.52    3.48    6.95    1.30    5.20    0.69    5.51 
ar=   170.62    6.16    6.16    3.59    7.18    1.29    5.14    0.69    5.49 
ar=   157.83    6.11    6.11    3.68    7.35    1.28    5.12    0.68    5.43 
ar=   145.98    6.06    6.06    3.77    7.55    1.29    5.14    0.61    4.86 
ar=   135.03    5.41    5.41    3.40    6.80    1.07    4.28    0.55    4.37 
ar=   124.90    5.42    5.42    3.03    6.06    0.90    3.61    0.46    3.70 
ar=   115.52    5.48    5.48    3.10    6.20    0.92    3.66    0.44    3.52 
ar=   106.85    5.53    5.53    3.16    6.33    0.88    3.50    0.45    3.58 
ar=    98.84    5.62    5.62    2.51    5.02    0.83    3.31    0.45    3.61 
ar=    91.42    5.62    5.62    2.45    4.89    0.92    3.69    0.42    3.32 
ar=    84.56    5.75    5.75    2.42    4.84    0.84    3.37    0.46    3.68 
ar=    78.22    4.83    4.83    2.43    4.86    0.87    3.49    0.51    4.09 
ar=    72.35    4.84    4.84    2.41    4.81    0.81    3.25    0.41    3.29 
ar=    66.92    4.89    4.89    2.02    4.04    0.85    3.40    0.41    3.31 
ar=    61.90    4.83    4.83    1.60    3.19    0.84    3.34    0.41    3.26 
ar=    57.25    4.84    4.84    1.56    3.13    0.82    3.28    0.41    3.26 
ar=    52.95    4.86    4.86    1.57    3.15    0.82    3.28    0.41    3.27 
ar=    48.98    4.96    4.96    1.58    3.15    0.81    3.23    0.40    3.23 
ar=    45.30    4.82    4.82    1.68    3.36    0.79    3.16    0.41    3.31 
ar=    41.90    4.86    4.86    1.61    3.21    0.81    3.25    0.41    3.26 
ar=    38.75    4.82    4.82    1.57    3.14    0.83    3.32    0.47    3.75 
ar=    35.84    4.76    4.76    1.57    3.14    0.71    2.83    0.41    3.26 
ar=    33.15    3.71    3.71    1.57    3.13    0.70    2.81    0.47    3.76 
