#minMemory=32768 maxMemory=536870912 minThreads=1 maxThreads=8 writing to results/e5-1230v4-p8.log band=0 lat=1
#increaseArray=0.925000 timestep=0.250000 cacheSize=32768 cacheLineSize=128
#affinity=0 affinity_wide=0
#numPages=8
ar= 524288.00   56.33   56.33   28.83   57.66   14.39   57.55    8.60   68.77 
ar= 484966.40   56.00   56.00   28.92   57.84   14.40   57.61    8.61   68.84 
ar= 448593.91   56.35   56.35   28.51   57.03   14.38   57.54    8.60   68.82 
ar= 414949.37   56.11   56.11   28.59   57.18   14.41   57.65    8.61   68.85 
ar= 383828.16   56.34   56.34   28.37   56.74   14.40   57.60    8.59   68.74 
ar= 355041.05   56.10   56.10   28.76   57.52   14.42   57.68    8.62   68.99 
ar= 328412.96   56.44   56.44   28.63   57.26   14.41   57.62    8.60   68.81 
ar= 303781.98   55.95   55.95   28.67   57.34   14.39   57.56    8.61   68.88 
ar= 280998.33   56.39   56.39   28.65   57.31   14.42   57.68    8.84   70.75 
ar= 259923.45   56.90   56.90   28.77   57.54   14.42   57.69    8.63   69.00 
ar= 240429.19   56.51   56.51   28.61   57.22   14.42   57.70    8.91   71.25 
ar= 222396.99   56.90   56.90   28.39   56.78   14.40   57.61    8.68   69.40 
ar= 205717.21   56.13   56.13   28.09   56.19   14.41   57.65    8.68   69.42 
ar= 190288.41   56.15   56.15   28.51   57.03   14.39   57.58    8.68   69.44 
ar= 176016.78   57.05   57.05   28.69   57.38   14.41   57.63    9.01   72.06 
ar= 162815.52   56.56   56.56   28.33   56.65   14.49   57.95    8.67   69.37 
ar= 150604.35   56.80   56.80   28.71   57.42   14.41   57.64    8.73   69.87 
ar= 139309.02   55.95   55.95   28.68   57.36   14.61   58.43    8.68   69.42 
ar= 128860.84   56.71   56.71   28.05   56.10   14.43   57.74    8.73   69.83 
ar= 119196.27   56.19   56.19   28.71   57.42   14.47   57.89    8.67   69.37 
ar= 110256.55   55.87   55.87   28.20   56.40   14.55   58.21    8.79   70.33 
ar= 101987.30   56.03   56.03   28.69   57.39   14.40   57.58    8.77   70.19 
ar= 94338.25   55.43   55.43   28.55   57.10   14.54   58.17    8.87   70.94 
ar= 87262.88   56.21   56.21   28.35   56.71   14.49   57.94    8.72   69.76 
ar= 80718.16   55.21   55.21   27.97   55.95   14.52   58.09    8.70   69.58 
ar= 74664.29   55.68   55.68   27.80   55.60   14.35   57.40    8.71   69.67 
ar= 69064.46   55.50   55.50   28.09   56.17   14.25   57.02    8.75   70.03 
ar= 63884.62   55.46   55.46   27.53   55.07   14.21   56.85    8.83   70.61 
ar= 59093.27   56.17   56.17   27.89   55.78   14.09   56.34    8.85   70.77 
ar= 54661.27   54.11   54.11   27.21   54.41   14.16   56.63    8.64   69.14 
ar= 50561.67   54.22   54.22   27.63   55.26   13.94   55.77    8.66   69.28 
ar= 46769.54   53.72   53.72   27.23   54.45   14.01   56.03    8.56   68.44 
ar= 43261.82   52.76   52.76   26.51   53.03   13.76   55.02    8.44   67.55 
ar= 40017.18   52.90   52.90   26.88   53.75   13.79   55.17    8.46   67.71 
ar= 37015.89   51.29   51.29   26.15   52.30   13.40   53.62    8.37   66.94 
ar= 34239.70   52.33   52.33   26.17   52.35   13.43   53.71    8.21   65.70 
ar= 31671.71   51.62   51.62   25.78   51.56   13.23   52.92    8.13   65.05 
ar= 29296.33   49.57   49.57   25.18   50.36   13.09   52.36    8.00   64.04 
ar= 27099.10   48.21   48.21   24.89   49.79   12.97   51.87    7.56   60.48 
ar= 25066.66   47.90   47.90   24.71   49.43   12.43   49.71    7.33   58.62 
ar= 23186.66   47.55   47.55   23.95   47.89   12.21   48.83    6.43   51.45 
ar= 21447.66   45.94   45.94   22.99   45.98   11.43   45.71    5.99   47.93 
ar= 19839.09   43.66   43.66   22.22   44.44   10.31   41.25    5.42   43.33 
ar= 18351.15   43.27   43.27   20.51   41.03    9.31   37.24    4.91   39.30 
ar= 16974.80   41.19   41.19   20.17   40.34    8.58   34.30    4.59   36.73 
ar= 15701.69   40.88   40.88   16.80   33.61    7.81   31.24    4.30   34.43 
ar= 14524.05   36.60   36.60   16.11   32.23    7.50   29.98    3.91   31.25 
ar= 13434.75   33.90   33.90   14.30   28.59    6.98   27.91    3.75   29.96 
ar= 12427.14   33.48   33.48   12.69   25.38    6.38   25.51    3.33   26.62 
ar= 11495.10   29.76   29.76   12.11   24.22    6.13   24.50    3.39   27.16 
ar= 10632.97   24.68   24.68   11.28   22.57    5.59   22.38    3.17   25.39 
ar=  9835.49   22.69   22.69   10.35   20.71    5.29   21.17    3.01   24.04 
ar=  9097.83   19.89   19.89   10.12   20.23    4.99   19.95    2.84   22.73 
ar=  8415.48   17.56   17.56    9.28   18.56    4.71   18.84    2.74   21.95 
ar=  7784.32   16.00   16.00    8.76   17.52    4.41   17.64    2.56   20.46 
ar=  7200.49   14.19   14.19    8.12   16.24    4.12   16.47    2.55   20.37 
ar=  6660.45   13.11   13.11    7.45   14.89    3.89   15.58    2.33   18.60 
ar=  6160.91   12.03   12.03    6.98   13.95    3.59   14.38    2.04   16.33 
ar=  5698.84   11.56   11.56    6.66   13.32    3.11   12.45    1.93   15.44 
ar=  5271.43   11.11   11.11    6.27   12.55    2.85   11.38    1.92   15.40 
ar=  4876.07   10.85   10.85    5.78   11.56    2.95   11.81    1.85   14.82 
ar=  4510.36   10.91   10.91    5.59   11.18    2.95   11.79    1.72   13.78 
ar=  4172.08   10.90   10.90    5.55   11.10    2.80   11.20    1.69   13.51 
ar=  3859.17   10.69   10.69    5.46   10.91    2.80   11.20    1.61   12.85 
ar=  3569.73   10.88   10.88    5.48   10.96    2.82   11.28    1.59   12.69 
ar=  3301.99   10.58   10.58    5.46   10.92    2.73   10.90    1.59   12.69 
ar=  3054.34   10.77   10.77    5.44   10.88    2.74   10.96    1.57   12.60 
ar=  2825.26   10.54   10.54    5.42   10.84    2.72   10.89    1.56   12.45 
ar=  2613.36   10.51   10.51    5.35   10.70    2.70   10.80    1.61   12.86 
ar=  2417.35   10.52   10.52    5.43   10.85    2.66   10.65    1.57   12.58 
ar=  2236.05   10.78   10.78    5.40   10.80    2.64   10.55    1.55   12.37 
ar=  2068.34   10.54   10.54    5.41   10.81    2.62   10.47    1.56   12.47 
ar=  1913.20   10.58   10.58    5.39   10.79    2.58   10.31    1.48   11.82 
ar=  1769.71   10.50   10.50    5.38   10.76    2.57   10.28    1.48   11.81 
ar=  1636.98   10.47   10.47    5.30   10.59    2.68   10.72    1.39   11.16 
ar=  1514.20   10.68   10.68    5.39   10.78    2.45    9.79    1.40   11.23 
ar=  1400.63   10.52   10.52    5.28   10.57    2.38    9.54    1.34   10.68 
ar=  1295.58   10.46   10.46    5.21   10.42    2.31    9.22    1.27   10.18 
ar=  1198.41   10.67   10.67    5.22   10.45    2.22    8.86    1.25   10.02 
ar=  1108.52   10.68   10.68    5.16   10.31    2.19    8.74    1.15    9.17 
ar=  1025.38   10.42   10.42    5.14   10.28    2.01    8.06    1.09    8.73 
ar=   948.48   10.65   10.65    4.95    9.90    1.91    7.63    1.13    9.05 
ar=   877.34   10.40   10.40    4.94    9.87    1.87    7.48    1.03    8.28 
ar=   811.53   10.50   10.50    4.87    9.73    1.97    7.87    1.02    8.13 
ar=   750.66   10.36   10.36    4.81    9.62    2.08    8.32    0.97    7.74 
ar=   694.36   10.41   10.41    4.53    9.05    2.08    8.33    0.92    7.39 
ar=   642.28   10.21   10.21    4.42    8.84    1.88    7.53    0.89    7.14 
ar=   594.11   10.27   10.27    4.35    8.70    1.86    7.45    0.83    6.62 
ar=   549.55   10.04   10.04    4.23    8.46    1.64    6.57    0.85    6.79 
ar=   508.33   10.06   10.06    3.88    7.77    1.57    6.27    0.84    6.70 
ar=   470.20    9.73    9.73    3.72    7.43    1.44    5.75    0.76    6.07 
ar=   434.94    9.64    9.64    3.62    7.24    1.45    5.82    0.78    6.24 
ar=   402.31    9.23    9.23    3.67    7.34    1.55    6.20    0.88    7.05 
ar=   372.13    8.88    8.88    3.67    7.34    1.49    5.94    0.82    6.52 
ar=   344.22    8.69    8.69    3.63    7.27    1.37    5.49    0.77    6.13 
ar=   318.40    8.12    8.12    3.63    7.26    1.41    5.65    0.69    5.51 
ar=   294.52    8.00    8.00    3.36    6.72    1.28    5.13    0.69    5.52 
ar=   272.42    7.75    7.75    3.12    6.25    1.33    5.32    0.69    5.50 
ar=   251.98    6.41    6.41    3.08    6.17    1.28    5.14    0.68    5.45 
ar=   233.08    6.15    6.15    2.78    5.56    1.37    5.50    0.69    5.49 
ar=   215.59    6.08    6.08    2.78    5.57    1.27    5.10    0.69    5.49 
ar=   199.42    5.42    5.42    2.83    5.67    1.27    5.10    0.69    5.53 
ar=   184.46    5.46    5.46    2.86    5.71    1.31    5.22    0.69    5.52 
ar=   170.62    5.51    5.51    2.45    4.90    1.27    5.10    0.69    5.50 
ar=   157.83    5.62    5.62    2.45    4.90    1.27    5.07    0.68    5.48 
ar=   145.98    4.85    4.85    2.43    4.85    1.26    5.04    0.61    4.88 
ar=   135.03    5.33    5.33    2.45    4.90    1.05    4.22    0.55    4.40 
ar=   124.90    5.05    5.05    2.44    4.89    0.84    3.35    0.44    3.54 
ar=   115.52    4.97    4.97    2.50    5.00    0.92    3.70    0.45    3.58 
ar=   106.85    4.96    4.96    2.46    4.93    0.86    3.43    0.45    3.58 
ar=    98.84    4.86    4.86    2.44    4.88    0.83    3.34    0.44    3.49 
ar=    91.42    4.84    4.84    2.48    4.96    0.82    3.27    0.41    3.31 
ar=    84.56    4.84    4.84    2.44    4.88    0.92    3.69    0.46    3.66 
ar=    78.22    4.83    4.83    2.45    4.90    0.97    3.87    0.46    3.65 
ar=    72.35    4.87    4.87    2.46    4.91    0.82    3.29    0.43    3.45 
ar=    66.92    4.87    4.87    1.95    3.90    0.83    3.33    0.42    3.35 
ar=    61.90    4.86    4.86    1.56    3.13    0.81    3.25    0.41    3.27 
ar=    57.25    4.86    4.86    1.66    3.32    0.83    3.30    0.41    3.29 
ar=    52.95    4.85    4.85    1.56    3.13    0.82    3.28    0.41    3.31 
ar=    48.98    4.85    4.85    1.57    3.13    0.82    3.27    0.43    3.42 
ar=    45.30    4.83    4.83    1.56    3.12    0.80    3.18    0.41    3.26 
ar=    41.90    4.82    4.82    1.55    3.09    0.82    3.28    0.41    3.29 
ar=    38.75    4.78    4.78    1.55    3.09    0.84    3.35    0.48    3.82 
ar=    35.84    4.82    4.82    1.55    3.11    0.70    2.80    0.41    3.24 
ar=    33.15    3.81    3.81    1.56    3.11    0.72    2.87    0.47    3.76 
