#minMemory=32768 maxMemory=536870912 minThreads=1 maxThreads=8 writing to results/e5-1230v4-p32.log band=0 lat=1
#increaseArray=0.925000 timestep=0.250000 cacheSize=32768 cacheLineSize=128
#affinity=0 affinity_wide=0
#numPages=32
ar= 524288.00   67.60   67.60   34.46   68.93   17.35   69.39   12.62  100.99 
ar= 484966.40   68.04   68.04   34.29   68.58   17.29   69.16    9.49   75.96 
ar= 448593.91   67.54   67.54   34.36   68.71   17.27   69.10    9.50   76.00 
ar= 414949.37   68.44   68.44   34.45   68.91   17.33   69.34    9.64   77.11 
ar= 383828.16   67.53   67.53   34.37   68.74   17.28   69.14    9.55   76.44 
ar= 355041.05   67.60   67.60   34.55   69.09   17.29   69.15    9.55   76.43 
ar= 328412.96   67.54   67.54   34.38   68.75   17.28   69.12    9.49   75.90 
ar= 303781.98   67.71   67.71   34.14   68.29   17.32   69.27    9.48   75.86 
ar= 280998.33   68.26   68.26   34.34   68.67   17.29   69.14    9.58   76.61 
ar= 259923.45   67.55   67.55   34.46   68.92   17.30   69.19    9.57   76.57 
ar= 240429.19   68.32   68.32   34.01   68.01   17.28   69.13    9.55   76.40 
ar= 222396.99   67.80   67.80   34.30   68.60   17.38   69.51    9.54   76.31 
ar= 205717.21   68.02   68.02   34.31   68.62   17.35   69.39    9.61   76.90 
ar= 190288.41   67.68   67.68   34.38   68.76   17.31   69.26    9.54   76.32 
ar= 176016.78   68.09   68.09   34.16   68.32   17.33   69.31    9.86   78.84 
ar= 162815.52   67.50   67.50   34.40   68.80   17.29   69.15    9.54   76.34 
ar= 150604.35   68.02   68.02   34.32   68.64   17.32   69.28    9.54   76.32 
ar= 139309.02   68.67   68.67   34.30   68.59   17.29   69.15    9.60   76.81 
ar= 128860.84   67.63   67.63   34.29   68.58   17.26   69.03    9.64   77.14 
ar= 119196.27   68.25   68.25   34.38   68.76   17.43   69.71    9.58   76.63 
ar= 110256.55   67.61   67.61   34.30   68.61   17.53   70.12    9.54   76.31 
ar= 101987.30   68.51   68.51   34.36   68.72   17.36   69.45    9.54   76.35 
ar= 94338.25   67.52   67.52   34.16   68.32   17.32   69.28    9.57   76.58 
ar= 87262.88   68.46   68.46   34.48   68.95   17.33   69.31    9.56   76.45 
ar= 80718.16   67.96   67.96   34.03   68.06   17.32   69.27    9.55   76.37 
ar= 74664.29   67.98   67.98   34.57   69.15   17.33   69.30    9.54   76.34 
ar= 69064.46   68.31   68.31   34.22   68.45   17.45   69.81    9.75   77.98 
ar= 63884.62   67.53   67.53   34.23   68.46   17.30   69.21    9.56   76.50 
ar= 59093.27   67.71   67.71   34.38   68.76   17.62   70.49    9.56   76.52 
ar= 54661.27   67.69   67.69   34.30   68.61   17.25   68.99    9.58   76.64 
ar= 50561.67   66.68   66.68   34.26   68.52   17.50   69.99    9.51   76.12 
ar= 46769.54   66.60   66.60   34.01   68.03   17.33   69.33    9.53   76.22 
ar= 43261.82   66.70   66.70   33.89   67.78   17.36   69.43    9.66   77.30 
ar= 40017.18   65.56   65.56   33.45   66.90   17.06   68.25    9.62   76.98 
ar= 37015.89   65.21   65.21   33.35   66.71   17.21   68.83    9.49   75.92 
ar= 34239.70   64.16   64.16   33.23   66.45   16.84   67.37    9.45   75.61 
ar= 31671.71   62.97   62.97   33.25   66.50   17.00   68.01    9.27   74.19 
ar= 29296.33   62.35   62.35   31.87   63.74   16.46   65.83    9.31   74.46 
ar= 27099.10   62.18   62.18   32.11   64.23   16.14   64.58    9.25   73.98 
ar= 25066.66   59.59   59.59   30.74   61.48   15.91   63.65    9.07   72.54 
ar= 23186.66   60.56   60.56   29.31   58.63   15.68   62.72    8.11   64.91 
ar= 21447.66   56.02   56.02   29.96   59.91   14.96   59.85    7.11   56.85 
ar= 19839.09   54.14   54.14   28.13   56.25   14.35   57.40    6.45   51.57 
ar= 18351.15   53.18   53.18   26.91   53.82   12.69   50.78    5.96   47.69 
ar= 16974.80   50.48   50.48   24.65   49.30   11.76   47.04    5.47   43.79 
ar= 15701.69   48.95   48.95   24.52   49.04   10.48   41.93    4.98   39.85 
ar= 14524.05   45.00   45.00   21.25   42.49    9.30   37.20    4.74   37.89 
ar= 13434.75   41.82   41.82   19.90   39.80    8.75   35.02    4.54   36.32 
ar= 12427.14   38.73   38.73   17.37   34.73    8.46   33.83    4.17   33.38 
ar= 11495.10   37.64   37.64   14.72   29.43    7.80   31.21    4.11   32.91 
ar= 10632.97   31.93   31.93   14.18   28.35    7.10   28.38    3.46   27.71 
ar=  9835.49   29.80   29.80   12.87   25.74    6.41   25.64    3.39   27.12 
ar=  9097.83   25.20   25.20   12.26   24.52    6.12   24.48    3.20   25.57 
ar=  8415.48   25.18   25.18   11.11   22.21    5.80   23.21    3.03   24.21 
ar=  7784.32   19.70   19.70   10.43   20.86    5.52   22.07    3.01   24.08 
ar=  7200.49   18.13   18.13    9.41   18.83    5.31   21.24    2.84   22.72 
ar=  6660.45   17.08   17.08    8.68   17.37    4.42   17.67    2.58   20.63 
ar=  6160.91   15.70   15.70    8.34   16.69    4.51   18.03    2.40   19.16 
ar=  5698.84   14.73   14.73    7.59   15.19    4.05   16.21    2.13   17.00 
ar=  5271.43   14.01   14.01    6.99   13.97    3.67   14.67    1.98   15.83 
ar=  4876.07   14.20   14.20    6.88   13.77    3.45   13.79    1.91   15.25 
ar=  4510.36   13.58   13.58    6.48   12.95    3.27   13.08    1.87   14.97 
ar=  4172.08   13.90   13.90    6.68   13.37    3.29   13.17    1.79   14.36 
ar=  3859.17   13.47   13.47    6.39   12.77    3.26   13.06    1.80   14.43 
ar=  3569.73   13.08   13.08    6.43   12.86    3.24   12.96    1.76   14.05 
ar=  3301.99   13.83   13.83    6.45   12.90    3.23   12.91    1.73   13.87 
ar=  3054.34   13.68   13.68    6.38   12.77    3.19   12.78    1.76   14.09 
ar=  2825.26   12.96   12.96    6.44   12.87    3.29   13.16    1.71   13.68 
ar=  2613.36   12.55   12.55    6.30   12.60    3.19   12.76    1.71   13.67 
ar=  2417.35   12.54   12.54    6.37   12.75    3.17   12.67    1.69   13.51 
ar=  2236.05   12.54   12.54    6.38   12.75    3.14   12.56    1.67   13.37 
ar=  2068.34   12.83   12.83    6.36   12.72    3.08   12.32    1.64   13.09 
ar=  1913.20   12.57   12.57    6.35   12.71    3.05   12.18    1.60   12.82 
ar=  1769.71   12.78   12.78    6.29   12.58    3.02   12.07    1.56   12.51 
ar=  1636.98   12.46   12.46    6.31   12.62    2.85   11.41    1.54   12.34 
ar=  1514.20   12.75   12.75    6.16   12.31    2.76   11.05    1.47   11.79 
ar=  1400.63   12.59   12.59    6.29   12.58    2.77   11.09    1.37   10.93 
ar=  1295.58   12.72   12.72    6.09   12.18    2.46    9.85    1.42   11.39 
ar=  1198.41   12.43   12.43    6.07   12.14    2.28    9.11    1.33   10.65 
ar=  1108.52   12.66   12.66    5.96   11.93    2.17    8.70    1.20    9.61 
ar=  1025.38   12.39   12.39    5.82   11.65    2.11    8.45    1.11    8.85 
ar=   948.48   12.34   12.34    5.76   11.51    1.97    7.89    1.04    8.33 
ar=   877.34   12.56   12.56    5.56   11.12    1.89    7.58    1.03    8.24 
ar=   811.53   12.26   12.26    5.44   10.88    1.90    7.58    1.04    8.29 
ar=   750.66   12.36   12.36    5.29   10.57    1.85    7.41    0.96    7.65 
ar=   694.36   12.07   12.07    5.04   10.08    1.81    7.25    0.99    7.92 
ar=   642.28   12.17   12.17    4.62    9.25    1.78    7.11    0.89    7.12 
ar=   594.11   11.72   11.72    4.43    8.87    1.63    6.53    0.80    6.40 
ar=   549.55   11.71   11.71    4.28    8.56    1.55    6.20    0.80    6.40 
ar=   508.33   11.17   11.17    4.19    8.38    1.59    6.38    0.79    6.30 
ar=   470.20   11.27   11.27    3.97    7.93    1.56    6.25    0.79    6.35 
ar=   434.94   10.83   10.83    3.65    7.30    1.61    6.43    0.80    6.36 
ar=   402.31   10.72   10.72    3.55    7.09    1.54    6.17    0.70    5.59 
ar=   372.13   10.37   10.37    3.46    6.93    1.53    6.13    0.85    6.78 
ar=   344.22    9.85    9.85    3.55    7.11    1.43    5.72    0.72    5.79 
ar=   318.40    8.93    8.93    3.13    6.27    1.36    5.44    0.69    5.53 
ar=   294.52    8.49    8.49    3.10    6.21    1.27    5.10    0.69    5.49 
ar=   272.42    7.70    7.70    2.93    5.85    1.29    5.16    0.68    5.47 
ar=   251.98    7.08    7.08    2.94    5.89    1.27    5.09    0.68    5.44 
ar=   233.08    6.84    6.84    2.94    5.89    1.28    5.11    0.68    5.47 
ar=   215.59    6.61    6.61    3.01    6.02    1.28    5.10    0.68    5.47 
ar=   199.42    6.49    6.49    3.03    6.06    1.29    5.16    0.69    5.50 
ar=   184.46    6.03    6.03    2.89    5.78    1.27    5.08    0.68    5.45 
ar=   170.62    5.88    5.88    2.69    5.37    1.27    5.10    0.69    5.48 
ar=   157.83    5.63    5.63    2.43    4.86    1.27    5.10    0.68    5.46 
ar=   145.98    5.65    5.65    2.44    4.88    1.28    5.11    0.60    4.82 
ar=   135.03    5.74    5.74    2.43    4.86    1.04    4.15    0.55    4.44 
ar=   124.90    5.76    5.76    2.44    4.89    0.82    3.29    0.46    3.69 
ar=   115.52    5.89    5.89    2.44    4.89    0.82    3.28    0.44    3.51 
ar=   106.85    5.90    5.90    2.46    4.91    0.91    3.65    0.45    3.59 
ar=    98.84    6.03    6.03    2.45    4.90    0.86    3.45    0.43    3.47 
ar=    91.42    5.73    5.73    2.46    4.91    0.89    3.55    0.41    3.27 
ar=    84.56    5.16    5.16    2.43    4.85    0.82    3.30    0.45    3.61 
ar=    78.22    4.81    4.81    2.44    4.87    0.90    3.59    0.45    3.60 
ar=    72.35    4.82    4.82    2.42    4.83    0.88    3.52    0.42    3.37 
ar=    66.92    4.82    4.82    1.92    3.85    0.83    3.31    0.43    3.44 
ar=    61.90    4.87    4.87    1.56    3.12    0.82    3.26    0.42    3.34 
ar=    57.25    4.84    4.84    1.59    3.18    0.81    3.24    0.41    3.28 
ar=    52.95    4.89    4.89    1.56    3.13    0.81    3.25    0.40    3.24 
ar=    48.98    4.84    4.84    1.60    3.21    0.81    3.26    0.41    3.25 
ar=    45.30    4.85    4.85    1.56    3.12    0.81    3.24    0.40    3.22 
ar=    41.90    4.80    4.80    1.58    3.15    0.82    3.27    0.40    3.21 
ar=    38.75    4.84    4.84    1.60    3.20    0.84    3.35    0.47    3.73 
ar=    35.84    4.74    4.74    1.59    3.18    0.71    2.84    0.40    3.19 
ar=    33.15    3.70    3.70    1.55    3.10    0.72    2.87    0.47    3.76 
