#minMemory=32768 maxMemory=536870912 minThreads=1 maxThreads=16 writing to log band=0 lat=1
#increaseArray=0.925000 timestep=0.250000 cacheSize=32768 cacheLineSize=128
#affinity=0 affinity_wide=0
#numPages=16
ar= 524288.00   83.69   83.69   43.52   87.04   18.86   75.43    9.80   78.41    7.02  112.30 
ar= 484966.40   78.34   78.34   36.84   73.68   20.18   80.72   11.49   91.89   10.35  165.57 
ar= 448593.91   77.87   77.87   38.99   77.98   21.71   86.83   12.02   96.16   10.47  167.53 
ar= 414949.37   71.49   71.49   38.58   77.17   22.68   90.71   12.28   98.25   11.19  178.98 
ar= 383828.16   75.84   75.84   40.45   80.90   21.31   85.25   12.20   97.58   10.69  171.05 
ar= 355041.05   77.00   77.00   41.73   83.45   21.57   86.28   11.50   92.02   10.39  166.24 
ar= 328412.96   81.67   81.67   41.79   83.58   21.91   87.63   12.71  101.71   10.38  166.00 
ar= 303781.98   73.36   73.36   40.59   81.18   20.92   83.68   12.37   98.96   10.21  163.38 
ar= 280998.33   78.83   78.83   41.03   82.05   21.63   86.52   12.61  100.84   10.78  172.42 
ar= 259923.45   73.71   73.71   40.56   81.13   22.03   88.12   12.95  103.63   10.07  161.20 
ar= 240429.19   76.54   76.54   40.81   81.61   21.11   84.44   12.60  100.76   10.41  166.49 
ar= 222396.99   75.82   75.82   41.82   83.64   22.80   91.21   12.25   97.99   10.01  160.14 
ar= 205717.21   75.63   75.63   42.22   84.45   22.96   91.84   12.68  101.41   10.34  165.46 
ar= 190288.41   76.56   76.56   41.01   82.03   23.11   92.44   12.60  100.77   10.86  173.70 
ar= 176016.78   75.03   75.03   41.17   82.34   22.54   90.16   12.68  101.43   10.74  171.90 
ar= 162815.52   77.60   77.60   40.90   81.81   21.62   86.46   12.12   96.95   10.61  169.75 
ar= 150604.35   75.16   75.16   40.22   80.45   19.75   79.02   11.69   93.54   10.54  168.69 
ar= 139309.02   74.24   74.24   36.99   73.98   19.98   79.91   11.53   92.24   10.16  162.62 
ar= 128860.84   70.27   70.27   37.29   74.58   22.12   88.48   11.88   95.02   10.67  170.67 
ar= 119196.27   68.61   68.61   40.78   81.57   20.52   82.07   12.35   98.78   10.69  171.01 
ar= 110256.55   73.90   73.90   39.79   79.57   23.99   95.95   12.43   99.41   10.53  168.50 
ar= 101987.30   74.20   74.20   42.73   85.46   22.54   90.16   12.37   98.94   10.36  165.78 
ar= 94338.25   80.13   80.13   42.56   85.12   22.43   89.73   12.41   99.28   10.80  172.79 
ar= 87262.88   78.82   78.82   42.26   84.53   22.26   89.05   12.36   98.89   10.78  172.51 
ar= 80718.16   81.60   81.60   41.09   82.19   22.31   89.24   12.61  100.89   10.27  164.31 
ar= 74664.29   82.95   82.95   40.88   81.76   21.89   87.57   12.30   98.43   10.60  169.67 
ar= 69064.46   76.28   76.28   43.39   86.78   22.41   89.63   12.56  100.45   10.58  169.35 
ar= 63884.62   78.14   78.14   43.52   87.05   22.19   88.76   12.12   96.98   10.86  173.69 
ar= 59093.27   75.77   75.77   41.52   83.04   22.24   88.95   12.98  103.88   10.43  166.88 
ar= 54661.27   78.51   78.51   40.73   81.46   21.73   86.93   11.70   93.60   11.03  176.51 
ar= 50561.67   79.30   79.30   41.12   82.25   21.18   84.71   11.78   94.25   10.20  163.23 
ar= 46769.54   78.34   78.34   39.59   79.18   21.18   84.71   11.49   91.92   10.13  162.04 
ar= 43261.82   77.62   77.62   39.74   79.48   20.76   83.03   11.52   92.14    9.97  159.50 
ar= 40017.18   78.82   78.82   40.06   80.12   20.44   81.77   11.16   89.26    9.60  153.66 
ar= 37015.89   77.80   77.80   39.20   78.39   19.58   78.32   10.95   87.61    8.74  139.81 
ar= 34239.70   74.01   74.01   37.52   75.04   17.78   71.12   10.01   80.11    9.11  145.80 
ar= 31671.71   78.08   78.08   35.16   70.33   17.15   68.59    9.92   79.39    8.11  129.82 
ar= 29296.33   72.63   72.63   33.45   66.91   18.41   73.64    9.08   72.65    6.89  110.30 
ar= 27099.10   66.00   66.00   35.35   70.70   16.83   67.31    8.17   65.37    5.59   89.42 
ar= 25066.66   68.00   68.00   33.42   66.85   15.52   62.07    6.26   50.06    4.53   72.40 
ar= 23186.66   68.21   68.21   31.56   63.12   13.12   52.48    5.76   46.05    3.92   62.72 
ar= 21447.66   68.91   68.91   28.80   57.59   11.34   45.37    5.07   40.53    3.18   50.84 
ar= 19839.09   66.47   66.47   30.32   60.65    9.70   38.81    4.28   34.25    3.01   48.17 
ar= 18351.15   61.07   61.07   23.53   47.06    9.08   36.31    4.38   35.03    2.54   40.58 
ar= 16974.80   64.43   64.43   22.17   44.34    7.69   30.78    3.38   27.07    2.24   35.86 
ar= 15701.69   55.03   55.03   19.84   39.67    6.24   24.95    3.12   24.97    1.99   31.78 
ar= 14524.05   51.82   51.82   16.04   32.08    6.24   24.98    3.02   24.12    1.92   30.64 
ar= 13434.75   40.26   40.26   14.68   29.35    5.13   20.54    2.79   22.36    1.58   25.28 
ar= 12427.14   34.53   34.53   10.13   20.26    4.41   17.66    2.26   18.06    1.40   22.36 
ar= 11495.10   30.05   30.05    9.00   18.00    4.28   17.13    1.92   15.33    1.18   18.87 
ar= 10632.97   20.11   20.11    8.34   16.68    4.35   17.41    1.71   13.68    1.10   17.61 
ar=  9835.49   17.59   17.59    7.17   14.34    3.13   12.53    1.58   12.65    0.98   15.62 
ar=  9097.83   16.61   16.61    6.94   13.89    2.99   11.95    1.38   11.06    0.81   13.02 
ar=  8415.48   15.77   15.77    6.43   12.87    2.96   11.85    1.38   11.06    0.88   14.01 
ar=  7784.32   16.47   16.47    6.00   12.00    2.76   11.05    1.41   11.26    0.81   13.01 
ar=  7200.49   12.77   12.77    5.51   11.03    2.91   11.66    1.40   11.21    0.77   12.35 
ar=  6660.45   12.52   12.52    5.07   10.14    2.78   11.13    1.38   11.00    0.86   13.79 
ar=  6160.91   11.45   11.45    5.33   10.67    2.82   11.29    1.40   11.17    0.79   12.61 
ar=  5698.84   11.94   11.94    5.49   10.97    2.85   11.40    1.40   11.23    0.80   12.78 
ar=  5271.43   11.87   11.87    5.42   10.85    2.82   11.29    1.40   11.19    0.82   13.16 
ar=  4876.07   12.13   12.13    5.36   10.72    2.77   11.10    1.34   10.75    0.78   12.55 
ar=  4510.36   11.23   11.23    5.29   10.59    2.73   10.90    1.35   10.84    0.76   12.20 
ar=  4172.08   10.97   10.97    5.37   10.74    2.72   10.88    1.31   10.50    0.77   12.31 
ar=  3859.17   11.51   11.51    5.30   10.59    2.73   10.91    1.32   10.56    0.74   11.82 
ar=  3569.73   11.11   11.11    5.20   10.41    2.69   10.77    1.28   10.21    0.67   10.78 
ar=  3301.99   11.01   11.01    5.25   10.50    2.78   11.14    1.27   10.17    0.67   10.68 
ar=  3054.34   10.51   10.51    5.09   10.19    2.67   10.69    1.17    9.39    0.61    9.73 
ar=  2825.26   10.54   10.54    5.11   10.22    2.70   10.80    1.10    8.83    0.59    9.36 
ar=  2613.36   10.82   10.82    5.21   10.42    2.73   10.93    1.09    8.70    0.51    8.17 
ar=  2417.35   10.62   10.62    5.30   10.59    2.69   10.76    0.96    7.69    0.48    7.72 
ar=  2236.05   10.30   10.30    5.03   10.06    2.71   10.85    0.94    7.54    0.44    6.96 
ar=  2068.34   11.01   11.01    5.02   10.03    2.64   10.55    0.81    6.52    0.40    6.34 
ar=  1913.20   10.11   10.11    5.11   10.21    2.55   10.22    0.73    5.85    0.36    5.70 
ar=  1769.71   10.57   10.57    5.15   10.30    2.49    9.97    0.72    5.74    0.31    4.92 
ar=  1636.98   10.12   10.12    5.15   10.29    2.29    9.16    0.60    4.77    0.31    4.95 
ar=  1514.20   10.63   10.63    4.98    9.97    2.42    9.67    0.55    4.38    0.28    4.41 
ar=  1400.63   10.87   10.87    5.08   10.16    2.23    8.91    0.52    4.15    0.25    4.07 
ar=  1295.58    9.82    9.82    4.97    9.93    2.02    8.09    0.51    4.06    0.27    4.36 
ar=  1198.41   10.54   10.54    5.03   10.05    1.87    7.49    0.56    4.44    0.25    4.04 
ar=  1108.52   10.42   10.42    5.12   10.23    1.68    6.70    0.54    4.33    0.25    3.99 
ar=  1025.38   10.04   10.04    4.94    9.88    1.39    5.56    0.52    4.18    0.23    3.61 
ar=   948.48    9.73    9.73    5.04   10.09    1.59    6.34    0.47    3.77    0.23    3.71 
ar=   877.34   10.09   10.09    4.64    9.29    1.33    5.31    0.42    3.33    0.23    3.64 
ar=   811.53   10.25   10.25    4.32    8.64    1.15    4.59    0.41    3.28    0.23    3.72 
ar=   750.66   10.32   10.32    4.16    8.31    0.97    3.87    0.40    3.21    0.23    3.65 
ar=   694.36    9.84    9.84    3.86    7.72    1.01    4.04    0.40    3.17    0.22    3.53 
ar=   642.28    9.71    9.71    3.66    7.31    0.90    3.60    0.39    3.12    0.21    3.40 
ar=   594.11    9.24    9.24    3.28    6.55    1.08    4.31    0.39    3.13    0.21    3.37 
ar=   549.55    9.70    9.70    2.82    5.64    1.07    4.28    0.39    3.16    0.21    3.35 
ar=   508.33    9.44    9.44    3.01    6.02    0.79    3.17    0.38    3.08    0.20    3.23 
ar=   470.20    9.12    9.12    2.33    4.66    0.78    3.12    0.38    3.06    0.20    3.27 
ar=   434.94    8.77    8.77    2.20    4.40    0.78    3.13    0.39    3.10    0.20    3.22 
ar=   402.31    8.24    8.24    1.67    3.35    0.78    3.13    0.38    3.07    0.20    3.26 
ar=   372.13    8.40    8.40    1.67    3.34    0.78    3.12    0.39    3.10    0.20    3.18 
ar=   344.22    8.02    8.02    1.74    3.48    0.78    3.12    0.39    3.11    0.20    3.26 
ar=   318.40    6.93    6.93    1.98    3.97    0.79    3.18    0.39    3.09    0.20    3.22 
ar=   294.52    6.64    6.64    2.09    4.18    0.77    3.10    0.38    3.07    0.17    2.72 
ar=   272.42    4.87    4.87    1.47    2.93    0.77    3.08    0.31    2.45    0.13    2.05 
ar=   251.98    5.20    5.20    1.49    2.98    0.78    3.12    0.18    1.42    0.09    1.49 
ar=   233.08    4.44    4.44    1.47    2.94    0.77    3.10    0.18    1.41    0.09    1.51 
ar=   215.59    4.68    4.68    1.44    2.89    0.79    3.16    0.18    1.42    0.09    1.49 
ar=   199.42    4.21    4.21    1.48    2.96    0.79    3.18    0.18    1.40    0.10    1.53 
ar=   184.46    2.89    2.89    1.46    2.92    0.84    3.35    0.20    1.63    0.08    1.30 
ar=   170.62    3.67    3.67    1.53    3.05    0.83    3.33    0.20    1.63    0.08    1.34 
ar=   157.83    2.87    2.87    1.51    3.02    0.77    3.09    0.19    1.50    0.09    1.48 
ar=   145.98    4.12    4.12    1.47    2.93    0.71    2.85    0.18    1.46    0.07    1.16 
ar=   135.03    4.10    4.10    1.46    2.92    0.57    2.27    0.17    1.36    0.08    1.21 
ar=   124.90    2.86    2.86    1.49    2.98    0.32    1.29    0.17    1.32    0.07    1.20 
ar=   115.52    2.90    2.90    1.46    2.92    0.33    1.32    0.17    1.35    0.07    1.09 
ar=   106.85    2.90    2.90    1.49    2.99    0.33    1.34    0.17    1.33    0.06    1.04 
ar=    98.84    2.89    2.89    1.47    2.94    0.32    1.30    0.17    1.35    0.06    1.03 
ar=    91.42    2.86    2.86    1.46    2.93    0.34    1.34    0.13    1.04    0.06    0.98 
ar=    84.56    2.90    2.90    1.46    2.93    0.33    1.31    0.13    1.01    0.06    0.98 
ar=    78.22    2.94    2.94    1.45    2.90    0.35    1.39    0.13    1.08    0.06    0.95 
ar=    72.35    2.88    2.88    1.39    2.78    0.32    1.29    0.10    0.79    0.06    0.93 
ar=    66.92    3.00    3.00    0.93    1.86    0.34    1.35    0.09    0.72    0.06    0.90 
ar=    61.90    2.97    2.97    0.62    1.23    0.33    1.34    0.09    0.69    0.05    0.86 
ar=    57.25    2.89    2.89    0.61    1.23    0.33    1.33    0.09    0.70    0.05    0.82 
ar=    52.95    2.92    2.92    0.61    1.22    0.34    1.36    0.08    0.66    0.05    0.81 
ar=    48.98    2.93    2.93    0.62    1.24    0.33    1.34    0.08    0.62    0.05    0.78 
ar=    45.30    2.95    2.95    0.65    1.29    0.26    1.05    0.08    0.64    0.05    0.77 
ar=    41.90    2.91    2.91    0.62    1.25    0.25    0.98    0.07    0.58    0.05    0.73 
ar=    38.75    2.87    2.87    0.63    1.26    0.26    1.03    0.07    0.56    0.05    0.76 
ar=    35.84    2.50    2.50    0.64    1.27    0.19    0.76    0.07    0.53    0.04    0.69 
ar=    33.15    1.69    1.69    0.64    1.27    0.19    0.74    0.07    0.52    0.04    0.68 
